<?xml version="1.0" encoding="UTF-8"?>
<!-- Generated by org.testng.reporters.JUnitReportReporter -->
<testsuite hostname="DESKTOP-LFLEAI7" failures="0" tests="3" name="api.test.LibraryTests" time="2.214" errors="0" timestamp="2023-10-06T15:39:26 IST" skipped="0">
  <testcase classname="api.test.LibraryTests" name="postAddBookTest" time="1.941"/>
  <system-out/>
  <testcase classname="api.test.LibraryTests" name="postGetBook" time="0.142"/>
  <system-out/>
  <testcase classname="api.test.LibraryTests" name="postDeleteBook" time="0.131"/>
  <system-out/>
</testsuite> <!-- api.test.LibraryTests -->
