<?xml version="1.0" encoding="UTF-8"?>
<!-- Generated by org.testng.reporters.JUnitReportReporter -->
<testsuite hostname="DESKTOP-LFLEAI7" failures="0" tests="1" name="api.test.BookTests" time="1.575" errors="0" timestamp="2023-10-04T12:18:19 IST" skipped="0">
  <testcase classname="api.test.BookTests" name="testGetUser" time="1.575"/>
  <system-out/>
</testsuite> <!-- api.test.BookTests -->
