<?xml version="1.0" encoding="UTF-8"?>
<!-- Generated by org.testng.reporters.JUnitReportReporter -->
<testsuite hostname="DESKTOP-LFLEAI7" failures="0" tests="3" name="api.test.LibraryTests" time="1.552" errors="0" timestamp="2023-10-06T16:19:59 IST" skipped="0">
  <testcase classname="api.test.LibraryTests" name="postAddBookTest" time="1.235"/>
  <system-out/>
  <testcase classname="api.test.LibraryTests" name="postGetBook" time="0.166"/>
  <system-out/>
  <testcase classname="api.test.LibraryTests" name="postDeleteBook" time="0.151"/>
  <system-out/>
</testsuite> <!-- api.test.LibraryTests -->
