<?xml version="1.0" encoding="UTF-8"?>
<!-- Generated by org.testng.reporters.JUnitReportReporter -->
<testsuite hostname="DESKTOP-LFLEAI7" failures="0" tests="6" name="api.test.DDTests" time="3.109" errors="0" timestamp="2023-10-06T16:19:59 IST" skipped="0">
  <testcase classname="api.test.DDTests" name="postSetUpData" time="0.000"/>
  <system-out/>
  <testcase classname="api.test.DDTests" name="postSetUpData" time="0.000"/>
  <system-out/>
  <testcase classname="api.test.DDTests" name="postSetUpData" time="0.000"/>
  <system-out/>
  <testcase classname="api.test.DDTests" name="postSetUpData" time="0.002"/>
  <system-out/>
  <testcase classname="api.test.DDTests" name="postGetBook" time="2.620"/>
  <system-out/>
  <testcase classname="api.test.DDTests" name="postDeleteBook" time="0.487"/>
  <system-out/>
</testsuite> <!-- api.test.DDTests -->
